<?xml version="1.0" encoding="UTF-8"?>
<!-- Generated by org.testng.reporters.JUnitReportReporter -->
<testsuite hostname="pckjagla" name="pack2.NgWebTest" tests="3" failures="0" timestamp="3 Oct 2016 10:25:44 GMT" time="1.334" errors="0">
  <testcase name="testMethodOne" time="0.002" classname="pack2.NgWebTest"/>
  <testcase name="startWebdriver" time="1.218" classname="pack2.NgWebTest"/>
  <testcase name="verifyTitle" time="0.114" classname="pack2.NgWebTest"/>
</testsuite> <!-- pack2.NgWebTest -->
