<?xml version="1.0" encoding="UTF-8"?>
<!-- Generated by org.testng.reporters.JUnitReportReporter -->
<testsuite hostname="pckjagla" name="pack2.NgWebTest" tests="3" failures="0" timestamp="3 Oct 2016 10:28:00 GMT" time="1.004" errors="0">
  <testcase name="verifyTitle" time="0.107" classname="pack2.NgWebTest"/>
  <testcase name="startWebdriver" time="0.896" classname="pack2.NgWebTest"/>
  <testcase name="testMethodOne" time="0.001" classname="pack2.NgWebTest"/>
</testsuite> <!-- pack2.NgWebTest -->
